<?xml version="1.0" encoding="UTF-8"?>
<testng-results ignored="0" total="1" passed="1" failed="0" skipped="0">
  <reporter-output>
  </reporter-output>
  <suite started-at="2019-03-27T04:20:08Z" name="Default suite" finished-at="2019-03-27T04:20:08Z" duration-ms="26">
    <groups>
    </groups>
    <test started-at="2019-03-27T04:20:08Z" name="Default test" finished-at="2019-03-27T04:20:08Z" duration-ms="26">
      <class name="testngFiles.Annotations">
        <test-method is-config="true" signature="beforeSuite()[pri:0, instance:testngFiles.Annotations@bcec361]" started-at="2019-03-27T04:20:08Z" name="beforeSuite" finished-at="2019-03-27T04:20:08Z" duration-ms="11" status="PASS">
          <reporter-output>
          </reporter-output>
        </test-method> <!-- beforeSuite -->
        <test-method is-config="true" signature="beforeMethod()[pri:0, instance:testngFiles.Annotations@bcec361]" started-at="2019-03-27T04:20:08Z" name="beforeMethod" finished-at="2019-03-27T04:20:08Z" duration-ms="0" status="PASS">
          <reporter-output>
          </reporter-output>
        </test-method> <!-- beforeMethod -->
        <test-method signature="doSomething()[pri:0, instance:testngFiles.Annotations@bcec361]" started-at="2019-03-27T04:20:08Z" name="doSomething" finished-at="2019-03-27T04:20:08Z" duration-ms="6" status="PASS">
          <reporter-output>
          </reporter-output>
        </test-method> <!-- doSomething -->
        <test-method is-config="true" signature="afterMethod()[pri:0, instance:testngFiles.Annotations@bcec361]" started-at="2019-03-27T04:20:08Z" name="afterMethod" finished-at="2019-03-27T04:20:08Z" duration-ms="0" status="PASS">
          <reporter-output>
          </reporter-output>
        </test-method> <!-- afterMethod -->
        <test-method is-config="true" signature="afterSuite()[pri:0, instance:testngFiles.Annotations@bcec361]" started-at="2019-03-27T04:20:08Z" name="afterSuite" finished-at="2019-03-27T04:20:08Z" duration-ms="1" status="PASS">
          <reporter-output>
          </reporter-output>
        </test-method> <!-- afterSuite -->
      </class> <!-- testngFiles.Annotations -->
    </test> <!-- Default test -->
  </suite> <!-- Default suite -->
</testng-results>
